<?xml version="1.0" encoding="utf-8"?><testsuites name="pytest tests"><testsuite name="aiohttp_test_suite" errors="0" failures="10" skipped="39" tests="4038" time="52.830" timestamp="2026-09-02T16:42:32.014025-04:00" hostname="Rabeyas-MacBook-Pro.local"><testcase classname="tests.autobahn.test_autobahn" name="test_client" time="0.001"><skipped type="pytest.skip" message="Don't run on macOS">/Users/rabeyakhatunmuna/Documents/mini-swe-agent-ci-based/results/miniswe-agent/bidirectional/l1_l2_l3_minimax-m2.5/L1_L2_L3/3a7e3367046eb22823eed815391d0845ff3c6835/testbed/tests/autobahn/test_autobahn.py:53: Don't run on macOS</skipped></testcase><testcase classname="tests.test_client_functional" name="test_timeout_on_session_read_timeout[pyloop]" time="0.097" /><testcase classname="tests.test_client_functional" name="test_invalid_redirect_url_multiple_redirects[pyloop-bluesky://profile/d:i:d-bluesky://profile/d:i:d-NonHttpUrlRedirectClientError]" time="0.098" /><testcase classname="tests.test_circular_imports" name="test_no_warnings[aiohttp.typedefs]" time="0.249" /><testcase classname="tests.autobahn.test_autobahn" name="test_server" time="0.000"><skipped type="pytest.skip" message="Don't run on macOS">/Users/rabeyakhatunmuna/Documents/mini-swe-agent-ci-based/results/miniswe-agent/bidirectional/l1_l2_l3_minimax-m2.5/L1_L2_L3/3a7e3367046eb22823eed815391d0845ff3c6835/testbed/tests/autobahn/test_autobahn.py:94: Don't run on macOS</skipped></testcase><testcase classname="tests.test_base_protocol" name="test_loop" time="0.060" /><testcase classname="tests.test_client_middleware_digest_auth" name="test_digest_response_exact_match[body1-this is a body-SHA512-SESS-auth]" time="0.064" /><testcase classname="tests.test_client_request" name="test_update_body_with_chunked_encoding[pyloop]" time="0.057" /><testcase classname="tests.test_client_middleware" name="test_request_middleware_overrides_session_middleware_with_specific[pyloop]" time="0.083" /><testcase classname="tests.test_client_request" name="test_default_headers_useragent_custom[pyloop]" time="0.055" /><testcase classname="tests.test_client_request" name="test_skip_default_useragent_header[pyloop]" time="0.051" /><testcase classname="tests.test_client_request" name="test_update_body_get_method_with_none_body[pyloop]" time="0.064" /><testcase classname="tests.test_base_protocol" name="test_pause_writing" time="0.049" /><testcase classname="tests.test_client_middleware_digest_auth" name="test_digest_response_exact_match[body1-this is a body-SHA512-SESS-auth-int]" time="0.053" /><testcase classname="tests.test_client_middleware" name="test_client_middleware_exception_closes_connection[pyloop-ValueError-Middleware error]" time="0.052" /><testcase classname="tests.test_client_functional" name="test_read_timeout_between_chunks[pyloop]" time="2.081" /><testcase classname="tests.test_client_functional" name="test_ok_from_status[pyloop-200-True]" time="0.067" /><testcase classname="tests.test_client_request" name="test_headers[pyloop]" time="0.061" /><testcase classname="tests.test_base_protocol" name="test_pause_reading_no_transport" time="0.044" /><testcase classname="tests.test_client_request" name="test_update_body_updates_content_length[pyloop]" time="0.053" /><testcase classname="tests.test_client_middleware_digest_auth" name="test_digest_response_exact_match[body1-this is a body-SHA512-SESS-auth,auth-int]" time="0.054" /><testcase classname="tests.test_client_middleware" name="test_client_middleware_exception_closes_connection[pyloop-ClientError-Client error from middleware]" time="0.063" /><testcase classname="tests.test_base_protocol" name="test_pause_reading_stub_transport" time="0.062" /><testcase classname="tests.test_client_functional" name="test_ok_from_status[pyloop-201-True]" time="0.065" /><testcase classname="tests.test_client_request" name="test_headers_list[pyloop]" time="0.067" /><testcase classname="tests.test_client_middleware_digest_auth" name="test_digest_response_exact_match[body1-this is a body-SHA512-SESS-]" time="0.077" /><testcase classname="tests.test_client_request" name="test_warn_stacklevel_points_to_user_code[pyloop]" time="0.063" /><testcase classname="tests.test_client_middleware" name="test_client_middleware_exception_closes_connection[pyloop-OSError-OS error from middleware]" time="0.065" /><testcase classname="tests.test_base_protocol" name="test_resume_reading_no_transport" time="0.048" /><testcase classname="tests.test_client_functional" name="test_ok_from_status[pyloop-301-True]" time="0.056" /><testcase classname="tests.test_client_request" name="test_headers_default[pyloop]" time="0.049" /><testcase classname="tests.test_client_request" name="test_warn_stacklevel_update_body_from_data[pyloop]" time="0.055" /><testcase classname="tests.test_circular_imports" name="test_no_warnings[aiohttp.web]" time="0.271" /><testcase classname="tests.test_client_middleware_digest_auth" name="test_parse_header_pairs[fully_quoted_header]" time="0.002" /><testcase classname="tests.test_client_middleware_digest_auth" name="test_parse_header_pairs[unquoted_header]" time="0.003" /><testcase classname="tests.test_client_middleware" name="test_client_middleware_blocks_connection_before_established[pyloop]" time="0.058" /><testcase classname="tests.test_base_protocol" name="test_resume_reading_stub_transport" time="0.045" /><testcase classname="tests.test_client_middleware_digest_auth" name="test_parse_header_pairs[mixed_quoted_unquoted_with_commas]" time="0.007" /><testcase classname="tests.test_client_middleware_digest_auth" name="test_parse_header_pairs[header_with_scheme]" time="0.002" /><testcase classname="tests.test_client_functional" name="test_ok_from_status[pyloop-400-False]" time="0.072" /><testcase classname="tests.test_client_request" name="test_invalid_url[pyloop]" time="0.052" /><testcase classname="tests.test_client_middleware_digest_auth" name="test_parse_header_pairs[no_spaces_after_commas]" time="0.002" /><testcase classname="tests.test_client_middleware_digest_auth" name="test_parse_header_pairs[extra_whitespace]" time="0.004" /><testcase classname="tests.test_client_request" name="test_expect100_with_body_becomes_none" time="0.054" /><testcase classname="tests.test_client_middleware_digest_auth" name="test_parse_header_pairs[escaped_quotes]" time="0.003" /><testcase classname="tests.test_client_middleware_digest_auth" name="test_parse_header_pairs[single_quotes_as_regular_chars]" time="0.002" /><testcase classname="tests.test_client_middleware_digest_auth" name="test_parse_header_pairs[empty_header]" time="0.002" /><testcase classname="tests.test_client_middleware_digest_auth" name="test_digest_auth_middleware_callable" time="0.002" /><testcase classname="tests.test_client_middleware_digest_auth" name="test_middleware_invalid_login" time="0.002" /><testcase classname="tests.test_client_middleware_digest_auth" name="test_escaping_quotes_in_auth_header" time="0.052" /><testcase classname="tests.test_base_protocol" name="test_resume_writing_no_waiters" time="0.062" /><testcase classname="tests.test_client_middleware" name="test_client_middleware_blocks_connection_without_dns_lookup[pyloop]" time="0.100" /><testcase classname="tests.test_client_request" name="test_no_path[pyloop]" time="0.056" /><testcase classname="tests.test_client_request" name="test_content_length_for_methods[pyloop-GET-None-None]" time="0.065" /><testcase classname="tests.test_client_functional" name="test_ok_from_status[pyloop-403-False]" time="0.069" /><testcase classname="tests.test_client_middleware_digest_auth" name="test_template_based_header_construction" time="0.052" /><testcase classname="tests.test_base_protocol" name="test_resume_writing_waiter_done" time="0.051" /><testcase classname="tests.test_client_request" name="test_ipv6_default_http_port[pyloop]" time="0.051" /><testcase classname="tests.test_client_middleware_digest_auth" name="test_quote_escaping_functions[value&quot;with&quot;quotes-value\\&quot;with\\&quot;quotes-Basic string with quotes]" time="0.002" /><testcase classname="tests.test_client_request" name="test_content_length_for_methods[pyloop-HEAD-None-None]" time="0.051" /><testcase classname="tests.test_client_middleware" name="test_client_middleware_retry_reuses_connection[pyloop]" time="0.066" /><testcase classname="tests.test_client_middleware_digest_auth" name="test_quote_escaping_functions[--Empty string]" time="0.006" /><testcase classname="tests.test_client_middleware_digest_auth" name="test_quote_escaping_functions[no quotes-no quotes-String without quotes]" time="0.002" /><testcase classname="tests.test_client_functional" name="test_ok_from_status[pyloop-500-False]" time="0.066" /><testcase classname="tests.test_base_protocol" name="test_connection_made" time="0.046" /><testcase classname="tests.test_client_middleware_digest_auth" name="test_quote_escaping_functions[with&quot;one&quot;quote-with\\&quot;one\\&quot;quote-String with one quoted segment]" time="0.003" /><testcase classname="tests.test_client_middleware_digest_auth" name="test_quote_escaping_functions[many&quot;quotes&quot;in&quot;string-many\\&quot;quotes\\&quot;in\\&quot;string-String with multiple quoted segments]" time="0.002" /><testcase classname="tests.test_client_middleware_digest_auth" name="test_quote_escaping_functions[&quot;&quot;-\\&quot;\\&quot;-Just double quotes]" time="0.002" /><testcase classname="tests.test_client_middleware_digest_auth" name="test_quote_escaping_functions[&quot;-\\&quot;-Single double quote]" time="0.002" /><testcase classname="tests.test_client_middleware_digest_auth" name="test_quote_escaping_functions[already\\&quot;escaped-already\\\\&quot;escaped-Already escaped quotes]" time="0.002" /><testcase classname="tests.test_client_request" name="test_ipv6_default_https_port[pyloop]" time="0.073" /><testcase classname="tests.test_client_middleware_digest_auth" name="test_middleware_retry_on_401[pyloop]" time="0.080" /><testcase classname="tests.test_client_request" name="test_content_length_for_methods[pyloop-OPTIONS-None-None]" time="0.059" /><testcase classname="tests.test_base_protocol" name="test_connection_lost_not_paused" time="0.056" /><testcase classname="tests.test_client_middleware" name="test_middleware_uses_session_avoids_recursion_with_path_check[pyloop]" time="0.085" /><testcase classname="tests.test_client_functional" name="test_raise_for_status[pyloop]" time="0.061" /><testcase classname="tests.test_circular_imports" name="test_no_warnings[aiohttp.web_app]" time="0.225" /><testcase classname="tests.test_client_request" name="test_ipv6_nondefault_http_port[pyloop]" time="0.051" /><testcase classname="tests.test_client_middleware_digest_auth" name="test_digest_auth_no_qop[pyloop]" time="0.068" /><testcase classname="tests.test_client_request" name="test_content_length_for_methods[pyloop-TRACE-None-None]" time="0.046" /><testcase classname="tests.test_base_protocol" name="test_connection_lost_paused_without_waiter" time="0.044" /><testcase classname="tests.test_client_functional" name="test_raise_for_status_per_request[pyloop]" time="0.067" /><testcase classname="tests.test_client_request" name="test_ipv6_nondefault_https_port[pyloop]" time="0.042" /><testcase classname="tests.test_base_protocol" name="test_connection_lost_waiter_done" time="0.050" /><testcase classname="tests.test_client_middleware" name="test_middleware_uses_session_avoids_recursion_with_disabled_middleware[pyloop]" time="0.091" /><testcase classname="tests.test_client_request" name="test_content_length_for_methods[pyloop-POST-None-0]" time="0.055" /><testcase classname="tests.test_client_middleware_digest_auth" name="test_digest_auth_without_opaque[pyloop]" time="0.064" /><testcase classname="tests.test_client_request" name="test_basic_auth[pyloop]" time="0.049" /><testcase classname="tests.test_base_protocol" name="test_drain_lost" time="0.042" /><testcase classname="tests.test_client_functional" name="test_raise_for_status_disable_per_request[pyloop]" time="0.058" /><testcase classname="tests.test_client_request" name="test_content_length_for_methods[pyloop-PUT-None-0]" time="0.050" /><testcase classname="tests.test_client_request" name="test_basic_auth_utf8[pyloop]" time="0.044" /><testcase classname="tests.test_client_middleware_digest_auth" name="test_auth_header_no_retry[pyloop-None]" time="0.053" /><testcase classname="tests.test_client_middleware" name="test_middleware_can_check_request_body[pyloop]" time="0.060" /><testcase classname="tests.test_base_protocol" name="test_drain_not_paused" time="0.048" /><testcase classname="tests.test_client_request" name="test_content_length_for_methods[pyloop-PATCH-None-0]" time="0.046" /><testcase classname="tests.test_client_functional" name="test_request_raise_for_status_default[pyloop]" time="0.066" /><testcase classname="tests.test_client_request" name="test_basic_auth_tuple_forbidden[pyloop]" time="0.045" /><testcase classname="tests.test_client_middleware_digest_auth" name="test_auth_header_no_retry[pyloop-DigestWithoutSpace]" time="0.055" /><testcase classname="tests.test_base_protocol" name="test_resume_drain_waited" time="0.044" /><testcase classname="tests.test_client_middleware" name="test_client_middleware_update_shorter_body[pyloop]" time="0.060" /><testcase classname="tests.test_client_request" name="test_content_length_for_methods[pyloop-DELETE-None-0]" time="0.046" /><testcase classname="tests.test_circular_imports" name="test_no_warnings[aiohttp.web_exceptions]" time="0.287" /><testcase classname="tests.test_client_request" name="test_basic_auth_from_url[pyloop]" time="0.044" /><testcase classname="tests.test_client_functional" name="test_request_raise_for_status_disabled[pyloop]" time="0.058" /><testcase classname="tests.test_base_protocol" name="test_lost_drain_waited_ok" time="0.046" /><testcase classname="tests.test_client_middleware_digest_auth" name="test_auth_header_no_retry[pyloop-Basic realm=&quot;test&quot;]" time="0.070" /><testcase classname="tests.test_client_request" name="test_content_length_for_methods[pyloop-GET--0]" time="0.043" /><testcase classname="tests.test_client_middleware" name="test_client_middleware_update_longer_body[pyloop]" time="0.054" /><testcase classname="tests.test_client_request" name="test_basic_auth_no_user_from_url[pyloop]" time="0.043" /><testcase classname="tests.test_base_protocol" name="test_lost_drain_waited_exception" time="0.061" /><testcase classname="tests.test_client_functional" name="test_request_raise_for_status_enabled[pyloop]" time="0.070" /><testcase classname="tests.test_client_request" name="test_content_length_for_methods[pyloop-HEAD--0]" time="0.051" /><testcase classname="tests.test_client_request" name="test_basic_auth_from_url_overridden[pyloop]" time="0.062" /><testcase classname="tests.test_client_middleware_digest_auth" name="test_auth_header_no_retry[pyloop-Digest ]" time="0.071" /><testcase classname="tests.test_client_middleware" name="test_client_middleware_update_string_body[pyloop]" time="0.072" /><testcase classname="tests.test_base_protocol" name="test_lost_drain_cancelled" time="0.076" /><testcase classname="tests.test_client_request" name="test_content_length_for_methods[pyloop-POST--0]" time="0.056" /><testcase classname="tests.test_client_functional" name="test_session_raise_for_status_coro[pyloop]" time="0.092" /><testcase classname="tests.test_client_request" name="test_path_is_not_double_encoded1[pyloop]" time="0.055" /><testcase classname="tests.test_client_middleware_digest_auth" name="test_auth_header_no_retry[pyloop-Digest =invalid, format]" time="0.057" /><testcase classname="tests.test_client_middleware" name="test_client_middleware_switch_types[pyloop]" time="0.053" /><testcase classname="tests.test_client_request" name="test_content_length_for_methods[pyloop-PUT--0]" time="0.058" /><testcase classname="tests.test_base_protocol" name="test_resume_drain_cancelled" time="0.057" /><testcase classname="tests.test_client_request" name="test_path_is_not_double_encoded2[pyloop]" time="0.047" /><testcase classname="tests.test_client_middleware_digest_auth" name="test_direct_success_no_auth_needed[pyloop]" time="0.059" /><testcase classname="tests.test_client_middleware_digest_auth" name="test_authenticate_scenarios[401-headers0-True-expected_challenge0]" time="0.065" /><testcase classname="tests.test_client_functional" name="test_request_raise_for_status_coro[pyloop]" time="0.062" /><testcase classname="tests.test_client_request" name="test_content_length_for_methods[pyloop-GET-test-4]" time="0.047" /><testcase classname="tests.test_base_protocol" name="test_parallel_drain_race_condition" time="0.547" /><testcase classname="tests.test_client_request" name="test_path_is_not_double_encoded3[pyloop]" time="0.046" /><testcase classname="tests.test_circular_imports" name="test_no_warnings[aiohttp.web_fileresponse]" time="0.232" /><testcase classname="tests.test_client_middleware_digest_auth" name="test_no_retry_on_second_401[pyloop]" time="0.056" /><testcase classname="tests.test_client_request" name="test_content_length_for_methods[pyloop-POST-test-4]" time="0.044" /><testcase classname="tests.test_client_functional" name="test_invalid_idna[pyloop]" time="0.083" /><testcase classname="tests.test_client_middleware_digest_auth" name="test_authenticate_scenarios[401-headers1-True-expected_challenge1]" time="0.047" /><testcase classname="tests.test_client_request" name="test_path_safe_chars_preserved[pyloop]" time="0.045" /><testcase classname="tests.test_client_request" name="test_content_length_for_methods[pyloop-PUT-hello world-11]" time="0.053" /><testcase classname="tests.test_client_middleware_digest_auth" name="test_preemptive_auth_disabled[pyloop]" time="0.061" /><testcase classname="tests.test_client_middleware_digest_auth" name="test_authenticate_scenarios[200-headers2-False-expected_challenge2]" time="0.053" /><testcase classname="tests.test_client_request" name="test_params_are_added_before_fragment1[pyloop]" time="0.045" /><testcase classname="tests.test_client_functional" name="test_creds_in_auth_and_url[pyloop]" time="0.054" /><testcase classname="tests.test_client_request" name="test_content_length_for_methods[pyloop-PATCH-data-4]" time="0.045" /><testcase classname="tests.test_client_middleware_digest_auth" name="test_encode_validation_errors[challenge0-Malformed Digest auth challenge: Missing 'realm' parameter]" time="0.047" /><testcase classname="tests.test_client_request" name="test_params_are_added_before_fragment2[pyloop]" time="0.043" /><testcase classname="tests.test_client_middleware_digest_auth" name="test_preemptive_auth_with_stale_nonce[pyloop]" time="0.051" /><testcase classname="tests.test_client_functional" name="test_creds_in_auth_and_redirect_url[pyloop]" time="0.051" /><testcase classname="tests.test_client_request" name="test_content_length_for_methods[pyloop-DELETE-x-1]" time="0.047" /><testcase classname="tests.test_client_middleware_digest_auth" name="test_encode_validation_errors[challenge1-Malformed Digest auth challenge: Missing 'realm' parameter]" time="0.055" /><testcase classname="tests.test_client_request" name="test_path_not_contain_fragment1[pyloop]" time="0.048" /><testcase classname="tests.test_client_middleware_digest_auth" name="test_preemptive_auth_updates_nonce_count[pyloop]" time="0.066" /><testcase classname="tests.test_client_request" name="test_get_methods_classification[GET]" time="0.002" /><testcase classname="tests.test_client_request" name="test_get_methods_classification[HEAD]" time="0.002" /><testcase classname="tests.test_client_functional" name="test_drop_auth_on_redirect_to_other_host[pyloop-entirely different hosts]" time="0.056" /><testcase classname="tests.test_client_request" name="test_get_methods_classification[OPTIONS]" time="0.002" /><testcase classname="tests.test_client_request" name="test_get_methods_classification[TRACE]" time="0.001" /><testcase classname="tests.test_client_request" name="test_path_not_contain_fragment2[pyloop]" time="0.045" /><testcase classname="tests.test_client_request" name="test_non_get_methods_classification[POST]" time="0.002" /><testcase classname="tests.test_client_request" name="test_non_get_methods_classification[PUT]" time="0.002" /><testcase classname="tests.test_client_middleware_digest_auth" name="test_encode_validation_errors[challenge2-Malformed Digest auth challenge: Missing 'nonce' parameter]" time="0.046" /><testcase classname="tests.test_client_request" name="test_non_get_methods_classification[PATCH]" time="0.002" /><testcase classname="tests.test_client_request" name="test_non_get_methods_classification[DELETE]" time="0.002" /><testcase classname="tests.test_client_request" name="test_content_length_with_string_data[pyloop]" time="0.044" /><testcase classname="tests.test_circular_imports" name="test_no_warnings[aiohttp.web_log]" time="0.233" /><testcase classname="tests.test_client_middleware_digest_auth" name="test_preemptive_auth_respects_protection_space[pyloop]" time="0.052" /><testcase classname="tests.test_client_request" name="test_cookies[pyloop]" time="0.042" /><testcase classname="tests.test_client_functional" name="test_drop_auth_on_redirect_to_other_host[pyloop-http -&gt; https]" time="0.112" /><testcase classname="tests.test_client_middleware_digest_auth" name="test_encode_validation_errors[challenge3-Security issue: Digest auth challenge contains empty 'nonce' value]" time="0.043" /><testcase classname="tests.test_client_request" name="test_content_length_with_async_iterable[pyloop]" time="0.043" /><testcase classname="tests.test_client_middleware_digest_auth" name="test_preemptive_auth_with_absolute_domain_uris[pyloop]" time="0.058" /><testcase classname="tests.test_client_request" name="test_cookies_is_quoted_with_special_characters[pyloop]" time="0.053" /><testcase classname="tests.test_client_middleware_digest_auth" name="test_encode_digest_with_md5" time="0.057" /><testcase classname="tests.test_client_request" name="test_content_length_not_overridden[pyloop]" time="0.047" /><testcase classname="tests.test_client_middleware_digest_auth" name="test_preemptive_auth_without_domain_uses_origin[pyloop]" time="0.050" /><testcase classname="tests.test_client_request" name="test_cookies_merge_with_headers[pyloop]" time="0.051" /><testcase classname="tests.test_client_request" name="test_content_length_with_formdata[pyloop]" time="0.044" /><testcase classname="tests.test_client_middleware_digest_auth" name="test_encode_digest_with_sess_algorithms[MD5-SESS]" time="0.044" /><testcase classname="tests.test_client_functional" name="test_drop_auth_on_redirect_to_other_host[pyloop-https -&gt; http]" time="0.102" /><testcase classname="tests.test_client_middleware_digest_auth" name="test_authenticate_with_malformed_headers[different_status_code]" time="0.003" /><testcase classname="tests.test_client_request" name="test_no_content_length_with_chunked[pyloop]" time="0.044" /><testcase classname="tests.test_client_middleware_digest_auth" name="test_authenticate_with_malformed_headers[empty_www_authenticate_header]" time="0.003" /><testcase classname="tests.test_client_request" name="test_unicode_get1[pyloop]" time="0.045" /><testcase classname="tests.test_client_middleware_digest_auth" name="test_authenticate_with_malformed_headers[no_space_after_scheme]" time="0.003" /><testcase classname="tests.test_client_middleware_digest_auth" name="test_encode_digest_with_sess_algorithms[SHA-SESS]" time="0.047" /><testcase classname="tests.test_client_middleware_digest_auth" name="test_authenticate_with_malformed_headers[different_scheme]" time="0.003" /><testcase classname="tests.test_client_middleware_digest_auth" name="test_authenticate_with_malformed_headers[empty_parameters]" time="0.003" /><testcase classname="tests.test_client_middleware_digest_auth" name="test_authenticate_with_malformed_headers[malformed_parameters]" time="0.003" /><testcase classname="tests.test_client_middleware_digest_auth" name="test_in_protection_space[exact_match]" time="0.002" /><testcase classname="tests.test_client_middleware_digest_auth" name="test_in_protection_space[path_with_trailing_slash]" time="0.002" /><testcase classname="tests.test_client_middleware_digest_auth" name="test_in_protection_space[subpath_match]" time="0.002" /><testcase classname="tests.test_client_middleware_digest_auth" name="test_in_protection_space[deep_subpath_match]" time="0.002" /><testcase classname="tests.test_client_middleware_digest_auth" name="test_in_protection_space[no_match_app1xx]" time="0.002" /><testcase classname="tests.test_client_middleware_digest_auth" name="test_in_protection_space[no_match_app123]" time="0.002" /><testcase classname="tests.test_client_middleware_digest_auth" name="test_in_protection_space[protection_with_slash_exact]" time="0.002" /><testcase classname="tests.test_client_request" name="test_update_body_none_sets_content_length_zero[pyloop-POST]" time="0.047" /><testcase classname="tests.test_client_middleware_digest_auth" name="test_in_protection_space[protection_with_slash_subpath]" time="0.002" /><testcase classname="tests.test_client_request" name="test_unicode_get2[pyloop]" time="0.044" /><testcase classname="tests.test_client_middleware_digest_auth" name="test_in_protection_space[protection_with_slash_no_match_without]" time="0.002" /><testcase classname="tests.test_client_middleware_digest_auth" name="test_in_protection_space[root_protection_exact]" time="0.002" /><testcase classname="tests.test_client_middleware_digest_auth" name="test_in_protection_space[root_protection_subpath]" time="0.002" /><testcase classname="tests.test_client_middleware_digest_auth" name="test_encode_digest_with_sess_algorithms[SHA-256-SESS]" time="0.045" /><testcase classname="tests.test_client_middleware_digest_auth" name="test_in_protection_space[root_protection_no_match_without_slash]" time="0.002" /><testcase classname="tests.test_client_middleware_digest_auth" name="test_in_protection_space[different_scheme]" time="0.002" /><testcase classname="tests.test_circular_imports" name="test_no_warnings[aiohttp.web_middlewares]" time="0.229" /><testcase classname="tests.test_client_middleware_digest_auth" name="test_in_protection_space[different_host]" time="0.002" /><testcase classname="tests.test_client_middleware_digest_auth" name="test_in_protection_space[different_port]" time="0.002" /><testcase classname="tests.test_client_middleware_digest_auth" name="test_in_protection_space_multiple_spaces" time="0.002" /><testcase classname="tests.test_client_middleware_digest_auth" name="test_case_sensitive_algorithm_server[pyloop]" time="0.057" /><testcase classname="tests.test_client_functional" name="test_auth_persist_on_redirect_to_other_host_with_global_auth[pyloop]" time="0.063" /><testcase classname="tests.test_client_request" name="test_unicode_get3[pyloop]" time="0.050" /><testcase classname="tests.test_client_request" name="test_update_body_none_sets_content_length_zero[pyloop-PUT]" time="0.045" /><testcase classname="tests.test_client_middleware_digest_auth" name="test_encode_digest_with_sess_algorithms[SHA-512-SESS]" time="0.049" /><testcase classname="tests.test_benchmarks_client" name="test_one_hundred_simple_get_requests[pyloop]" time="0.214" /><testcase classname="tests.test_client_proto" name="test_force_close[pyloop]" time="0.045" /><testcase classname="tests.test_client_functional" name="test_drop_auth_on_redirect_to_other_host_with_global_auth_and_base_url[pyloop]" time="0.053" /><testcase classname="tests.test_client_request" name="test_update_body_none_sets_content_length_zero[pyloop-PATCH]" time="0.047" /><testcase classname="tests.test_client_request" name="test_unicode_get4[pyloop]" time="0.047" /><testcase classname="tests.test_client_middleware_digest_auth" name="test_encode_unsupported_algorithm" time="0.046" /><testcase classname="tests.test_client_proto" name="test_oserror[pyloop]" time="0.046" /><testcase classname="tests.test_client_request" name="test_update_body_none_sets_content_length_zero[pyloop-DELETE]" time="0.050" /><testcase classname="tests.test_client_request" name="test_query_multivalued_param[pyloop]" time="0.043" /><testcase classname="tests.test_client_functional" name="test_async_with_session[pyloop]" time="0.049" /><testcase classname="tests.test_client_middleware_digest_auth" name="test_encode_algorithm_case_preservation_uppercase[MD5]" time="0.047" /><testcase classname="tests.test_client_proto" name="test_pause_resume_on_error[pyloop]" time="0.045" /><testcase classname="tests.test_client_request" name="test_query_str_param[pyloop]" time="0.045" /><testcase classname="tests.test_client_request" name="test_update_body_none_no_content_length_for_get_methods[pyloop-GET]" time="0.053" /><testcase classname="tests.test_client_functional" name="test_session_close_awaitable[pyloop]" time="0.055" /><testcase classname="tests.test_client_middleware_digest_auth" name="test_encode_algorithm_case_preservation_uppercase[MD5-SESS]" time="0.050" /><testcase classname="tests.test_client_proto" name="test_client_proto_bad_message[pyloop]" time="0.059" /><testcase classname="tests.test_client_request" name="test_query_bytes_param_raises[pyloop]" time="0.052" /><testcase classname="tests.test_circular_imports" name="test_no_warnings[aiohttp.web_protocol]" time="0.254" /><testcase classname="tests.test_client_request" name="test_update_body_none_no_content_length_for_get_methods[pyloop-HEAD]" time="0.047" /><testcase classname="tests.test_client_middleware_digest_auth" name="test_encode_algorithm_case_preservation_uppercase[SHA-256]" time="0.051" /><testcase classname="tests.test_client_functional" name="test_close_resp_on_error_async_with_session[pyloop]" time="0.058" /><testcase classname="tests.test_client_proto" name="test_uncompleted_message[pyloop]" time="0.047" /><testcase classname="tests.test_benchmarks_client" name="test_one_hundred_simple_get_requests_alternating_clients[pyloop]" time="0.200" /><testcase classname="tests.test_client_request" name="test_query_str_param_is_not_encoded[pyloop]" time="0.044" /><testcase classname="tests.test_client_request" name="test_update_body_none_no_content_length_for_get_methods[pyloop-OPTIONS]" time="0.044" /><testcase classname="tests.test_client_middleware_digest_auth" name="test_encode_algorithm_case_preservation_lowercase[md5]" time="0.044" /><testcase classname="tests.test_client_functional" name="test_release_resp_on_normal_exit_from_cm[pyloop]" time="0.052" /><testcase classname="tests.test_client_proto" name="test_data_received_after_close[pyloop]" time="0.045" /><testcase classname="tests.test_client_request" name="test_params_update_path_and_url[pyloop]" time="0.044" /><testcase classname="tests.test_client_request" name="test_update_body_none_no_content_length_for_get_methods[pyloop-TRACE]" time="0.044" /><testcase classname="tests.test_client_middleware_digest_auth" name="test_encode_algorithm_case_preservation_lowercase[MD5-sess]" time="0.043" /><testcase classname="tests.test_client_functional" name="test_non_close_detached_session_on_error_cm[pyloop]" time="0.053" /><testcase classname="tests.test_client_request" name="test_params_empty_path_and_url[pyloop]" time="0.050" /><testcase classname="tests.test_client_proto" name="test_multiple_responses_one_byte_at_a_time[pyloop]" time="0.048" /><testcase classname="tests.test_client_response" name="test_http_processing_error" time="0.058" /><testcase classname="tests.test_client_middleware_digest_auth" name="test_encode_algorithm_case_preservation_lowercase[sha-256]" time="0.043" /><testcase classname="tests.test_client_functional" name="test_close_detached_session_on_non_existing_addr[pyloop]" time="0.056" /><testcase classname="tests.test_client_proto" name="test_unexpected_exception_during_data_received[pyloop]" time="0.047" /><testcase classname="tests.test_client_request" name="test_gen_netloc_all[pyloop]" time="0.048" /><testcase classname="tests.test_client_middleware_digest_auth" name="test_invalid_qop_rejected" time="0.047" /><testcase classname="tests.test_client_response" name="test_del" time="0.049" /><testcase classname="tests.test_client_request" name="test_gen_netloc_no_port[pyloop]" time="0.048" /><testcase classname="tests.test_client_functional" name="test_aiohttp_request_context_manager[pyloop]" time="0.054" /><testcase classname="tests.test_client_proto" name="test_client_protocol_readuntil_eof[pyloop]" time="0.048" /><testcase classname="tests.test_client_middleware_digest_auth" name="test_digest_response_exact_match[--MD5-auth]" time="0.049" /><testcase classname="tests.test_benchmarks_client" name="test_one_hundred_simple_get_requests_no_session[pyloop]" time="0.499" /><testcase classname="tests.test_client_response" name="test_close[pyloop]" time="0.044" /><testcase classname="tests.test_circular_imports" name="test_no_warnings[aiohttp.web_request]" time="0.224" /><testcase classname="tests.test_client_request" name="test_cookie_coded_value_preserved[pyloop]" time="0.044" /><testcase classname="tests.test_client_proto" name="test_empty_data[pyloop]" time="0.044" /><testcase classname="tests.test_client_middleware_digest_auth" name="test_digest_response_exact_match[--MD5-auth-int]" time="0.046" /><testcase classname="tests.test_client_functional" name="test_aiohttp_request_ctx_manager_close_sess_on_error[pyloop]" time="0.055" /><testcase classname="tests.test_client_response" name="test_wait_for_100_1[pyloop]" time="0.046" /><testcase classname="tests.test_client_request" name="test_update_cookies_with_special_chars_in_existing_header[pyloop]" time="0.046" /><testcase classname="tests.test_client_proto" name="test_schedule_timeout[pyloop]" time="0.045" /><testcase classname="tests.test_client_middleware_digest_auth" name="test_digest_response_exact_match[--MD5-auth,auth-int]" time="0.045" /><testcase classname="tests.test_client_response" name="test_wait_for_100_2[pyloop]" time="0.044" /><testcase classname="tests.test_client_functional" name="test_aiohttp_request_ctx_manager_not_found[pyloop]" time="0.070" /><testcase classname="tests.test_client_proto" name="test_drop_timeout[pyloop]" time="0.050" /><testcase classname="tests.test_client_request" name="test_update_cookies_with_quoted_existing_header[pyloop]" time="0.046" /><testcase classname="tests.test_client_middleware_digest_auth" name="test_digest_response_exact_match[--MD5-]" time="0.046" /><testcase classname="tests.test_client_response" name="test_repr[pyloop]" time="0.043" /><testcase classname="tests.test_client_functional" name="test_raising_client_connector_dns_error_on_dns_failure[pyloop]" time="0.053" /><testcase classname="tests.test_client_proto" name="test_reschedule_timeout[pyloop]" time="0.048" /><testcase classname="tests.test_client_middleware_digest_auth" name="test_digest_response_exact_match[--MD5-SESS-auth]" time="0.055" /><testcase classname="tests.test_client_response" name="test_repr_non_ascii_url" time="0.002" /><testcase classname="tests.test_client_response" name="test_repr_non_ascii_reason" time="0.002" /><testcase classname="tests.test_client_functional" name="test_read_timeout_on_reading_chunks[pyloop]" time="0.264" /><testcase classname="tests.test_client_request" name="test_connection_header[pyloop]" time="0.070" /><testcase classname="tests.test_client_response" name="test_url_obj_deprecated" time="0.002" /><testcase classname="tests.test_client_response" name="test_read_and_release_connection[pyloop]" time="0.049" /><testcase classname="tests.test_client_functional" name="test_aiohttp_request_coroutine[pyloop]" time="0.070" /><testcase classname="tests.test_client_proto" name="test_eof_received[pyloop]" time="0.045" /><testcase classname="tests.test_client_middleware_digest_auth" name="test_digest_response_exact_match[--MD5-SESS-auth-int]" time="0.053" /><testcase classname="tests.test_circular_imports" name="test_no_warnings[aiohttp.web_response]" time="0.236" /><testcase classname="tests.test_client_response" name="test_read_and_release_connection_with_error[pyloop]" time="0.051" /><testcase classname="tests.test_client_request" name="test_no_content_length[pyloop]" time="0.058" /><testcase classname="tests.test_client_proto" name="test_connection_lost_sets_transport_to_none[pyloop]" time="0.043" /><testcase classname="tests.test_client_middleware_digest_auth" name="test_digest_response_exact_match[--MD5-SESS-auth,auth-int]" time="0.049" /><testcase classname="tests.test_client_response" name="test_release[pyloop]" time="0.046" /><testcase classname="tests.test_client_functional" name="test_aiohttp_request_ssl[pyloop]" time="0.066" /><testcase classname="tests.test_client_proto" name="test_connection_lost_exception_is_marked_retrieved[pyloop]" time="0.044" /><testcase classname="tests.test_client_request" name="test_no_content_length_head[pyloop]" time="0.059" /><testcase classname="tests.test_client_middleware_digest_auth" name="test_digest_response_exact_match[--MD5-SESS-]" time="0.046" /><testcase classname="tests.test_client_response" name="test_release_on_del[pyloop]" time="0.047" /><testcase classname="tests.test_client_proto" name="test_closed_property_lazy_creation[pyloop]" time="0.046" /><testcase classname="tests.test_client_functional" name="test_yield_from_in_session_request[pyloop]" time="0.055" /><testcase classname="tests.test_client_request" name="test_content_type_auto_header_get[pyloop]" time="0.070" /><testcase classname="tests.test_client_middleware_digest_auth" name="test_digest_response_exact_match[--SHA-auth]" time="0.047" /><testcase classname="tests.test_client_response" name="test_response_eof[pyloop]" time="0.046" /><testcase classname="tests.test_client_proto" name="test_closed_property_after_connection_lost[pyloop]" time="0.049" /><testcase classname="tests.test_client_functional" name="test_close_context_manager[pyloop]" time="0.055" /><testcase classname="tests.test_client_middleware_digest_auth" name="test_digest_response_exact_match[--SHA-auth-int]" time="0.053" /><testcase classname="tests.test_client_response" name="test_response_eof_upgraded[pyloop]" time="0.057" /><testcase classname="tests.test_client_request" name="test_content_type_auto_header_form[pyloop]" time="0.062" /><testcase classname="tests.test_client_functional" name="test_read_timeout_on_write[pyloop]" time="0.560" /><testcase classname="tests.test_client_proto" name="test_abort[pyloop]" time="0.060" /><testcase classname="tests.test_circular_imports" name="test_no_warnings[aiohttp.web_routedef]" time="0.248" /><testcase classname="tests.test_client_functional" name="test_session_auth[pyloop]" time="0.069" /><testcase classname="tests.test_client_middleware_digest_auth" name="test_digest_response_exact_match[--SHA-auth,auth-int]" time="0.047" /><testcase classname="tests.test_benchmarks_client" name="test_one_hundred_simple_get_requests_multiple_methods_route[pyloop]" time="0.155" /><testcase classname="tests.test_client_response" name="test_response_eof_after_connection_detach[pyloop]" time="0.046" /><testcase classname="tests.test_client_request" name="test_content_type_auto_header_bytes[pyloop]" time="0.065" /><testcase classname="tests.test_client_proto" name="test_abort_without_transport[pyloop]" time="0.048" /><testcase classname="tests.test_client_middleware_digest_auth" name="test_digest_response_exact_match[--SHA-]" time="0.043" /><testcase classname="tests.test_client_response" name="test_text[pyloop]" time="0.044" /><testcase classname="tests.test_client_functional" name="test_session_auth_override[pyloop]" time="0.050" /><testcase classname="tests.test_client_request" name="test_method1[pyloop]" time="0.046" /><testcase classname="tests.test_client_request" name="test_content_type_skip_auto_header_bytes[pyloop]" time="0.060" /><testcase classname="tests.test_client_middleware_digest_auth" name="test_digest_response_exact_match[--SHA-256-auth]" time="0.051" /><testcase classname="tests.test_client_response" name="test_text_bad_encoding[pyloop]" time="0.062" /><testcase classname="tests.test_client_functional" name="test_session_auth_header_conflict[pyloop]" time="0.071" /><testcase classname="tests.test_client_request" name="test_method2[pyloop]" time="0.053" /><testcase classname="tests.test_client_middleware_digest_auth" name="test_digest_response_exact_match[--SHA-256-auth-int]" time="0.057" /><testcase classname="tests.test_client_request" name="test_content_type_skip_auto_header_form[pyloop]" time="0.065" /><testcase classname="tests.test_benchmarks_client" name="test_one_hundred_get_requests_with_1024_chunked_payload[pyloop]" time="0.207" /><testcase classname="tests.test_client_response" name="test_text_badly_encoded_encoding_header[pyloop]" time="0.049" /><testcase classname="tests.test_client_functional" name="test_netrc_auth_from_env[pyloop]" time="0.072" /><testcase classname="tests.test_client_request" name="test_method3[pyloop]" time="0.044" /><testcase classname="tests.test_client_middleware_digest_auth" name="test_digest_response_exact_match[--SHA-256-auth,auth-int]" time="0.047" /><testcase classname="tests.test_client_response" name="test_text_custom_encoding[pyloop]" time="0.045" /><testcase classname="tests.test_client_request" name="test_content_type_auto_header_content_length_no_skip[pyloop]" time="0.060" /><testcase classname="tests.test_client_request" name="test_method_invalid[pyloop]" time="0.044" /><testcase classname="tests.test_circular_imports" name="test_no_warnings[aiohttp.web_runner]" time="0.230" /><testcase classname="tests.test_client_middleware_digest_auth" name="test_digest_response_exact_match[--SHA-256-]" time="0.044" /><testcase classname="tests.test_client_functional" name="test_netrc_auth_skipped_without_netrc_file[pyloop]" time="0.054" /><testcase classname="tests.test_client_response" name="test_text_charset_resolver[pyloop-text/plain]" time="0.044" /><testcase classname="tests.test_client_request" name="test_version_1_0[pyloop]" time="0.047" /><testcase classname="tests.test_client_request" name="test_urlencoded_formdata_charset[pyloop]" time="0.063" /><testcase classname="tests.test_client_middleware_digest_auth" name="test_digest_response_exact_match[--SHA-256-SESS-auth]" time="0.047" /><testcase classname="tests.test_client_response" name="test_text_charset_resolver[pyloop-text/plain;charset=invalid]" time="0.062" /><testcase classname="tests.test_client_functional" name="test_netrc_auth_from_home_directory[pyloop]" time="0.070" /><testcase classname="tests.test_client_request" name="test_version_default[pyloop]" time="0.044" /><testcase classname="tests.test_client_request" name="test_post_data[pyloop]" time="0.065" /><testcase classname="tests.test_client_middleware_digest_auth" name="test_digest_response_exact_match[--SHA-256-SESS-auth-int]" time="0.045" /><testcase classname="tests.test_client_request" name="test_request_info[pyloop]" time="0.046" /><testcase classname="tests.test_client_response" name="test_get_encoding_body_none[pyloop]" time="0.047" /><testcase classname="tests.test_benchmarks_client" name="test_one_hundred_get_requests_with_30000_chunked_payload[pyloop]" time="0.211" /><testcase classname="tests.test_client_functional" name="test_netrc_auth_overridden_by_explicit_auth[pyloop]" time="0.056" /><testcase classname="tests.test_client_middleware_digest_auth" name="test_digest_response_exact_match[--SHA-256-SESS-auth,auth-int]" time="0.043" /><testcase classname="tests.test_client_request" name="test_pass_falsy_data[pyloop]" time="0.050" /><testcase classname="tests.test_client_request" name="test_request_info_with_fragment[pyloop]" time="0.053" /><testcase classname="tests.test_client_response" name="test_text_after_read[pyloop]" time="0.047" /><testcase classname="tests.test_client_middleware_digest_auth" name="test_digest_response_exact_match[--SHA-256-SESS-]" time="0.048" /><testcase classname="tests.test_client_functional" name="test_session_headers[pyloop]" time="0.060" /><testcase classname="tests.test_client_request" name="test_pass_falsy_data_file[pyloop]" time="0.097" /><testcase classname="tests.test_client_response" name="test_json[pyloop]" time="0.052" /><testcase classname="tests.test_client_request" name="test_version_err[pyloop]" time="0.045" /><testcase classname="tests.test_circular_imports" name="test_no_warnings[aiohttp.web_server]" time="0.228" /><testcase classname="tests.test_client_middleware_digest_auth" name="test_digest_response_exact_match[--SHA-512-auth]" time="0.047" /><testcase classname="tests.test_client_functional" name="test_session_headers_merge[pyloop]" time="0.060" /><testcase classname="tests.test_client_request" name="test_host_port_default_http[pyloop]" time="0.060" /><testcase classname="tests.test_client_response" name="test_json_extended_content_type[pyloop]" time="0.045" /><testcase classname="tests.test_client_functional" name="test_timeout_on_reading_data[pyloop]" time="1.056" /><testcase classname="tests.test_client_middleware_digest_auth" name="test_digest_response_exact_match[--SHA-512-auth-int]" time="0.052" /><testcase classname="tests.test_client_request" name="test_get_with_data[pyloop]" time="0.050" /><testcase classname="tests.test_client_response" name="test_json_custom_content_type[pyloop]" time="0.049" /><testcase classname="tests.test_client_functional" name="test_multidict_headers[pyloop]" time="0.059" /><testcase classname="tests.test_client_request" name="test_host_port_default_https[pyloop]" time="0.043" /><testcase classname="tests.test_benchmarks_client" name="test_one_hundred_get_requests_with_512kib_chunked_payload[pyloop]" time="0.384" /><testcase classname="tests.test_client_middleware_digest_auth" name="test_digest_response_exact_match[--SHA-512-auth,auth-int]" time="0.044" /><testcase classname="tests.test_client_request" name="test_bytes_data[pyloop]" time="0.061" /><testcase classname="tests.test_client_response" name="test_json_custom_loader[pyloop]" time="0.057" /><testcase classname="tests.test_client_request" name="test_host_port_nondefault_http[pyloop]" time="0.046" /><testcase classname="tests.test_client_functional" name="test_request_conn_closed[pyloop]" time="0.059" /><testcase classname="tests.test_client_middleware_digest_auth" name="test_digest_response_exact_match[--SHA-512-]" time="0.048" /><testcase classname="tests.test_client_request" name="test_host_port_nondefault_https[pyloop]" time="0.049" /><testcase classname="tests.test_client_response" name="test_json_invalid_content_type[pyloop]" time="0.051" /><testcase classname="tests.test_client_request" name="test_content_encoding[zlib-pyloop]" time="0.062" /><testcase classname="tests.test_client_middleware_digest_auth" name="test_digest_response_exact_match[--SHA-512-SESS-auth]" time="0.047" /><testcase classname="tests.test_client_functional" name="test_dont_close_explicit_connector[pyloop]" time="0.052" /><testcase classname="tests.test_circular_imports" name="test_no_warnings[aiohttp.web_urldispatcher]" time="0.257" /><testcase classname="tests.test_client_request" name="test_host_port_default_ws[pyloop]" time="0.044" /><testcase classname="tests.test_client_response" name="test_json_no_content[pyloop]" time="0.045" /><testcase classname="tests.test_client_middleware_digest_auth" name="test_digest_response_exact_match[--SHA-512-SESS-auth-int]" time="0.046" /><testcase classname="tests.test_client_functional" name="test_server_close_keepalive_connection[pyloop]" time="0.059" /><testcase classname="tests.test_client_request" name="test_content_encoding[zlib_ng.zlib_ng-pyloop]" time="0.072" /><testcase classname="tests.test_client_request" name="test_host_port_default_wss[pyloop]" time="0.048" /><testcase classname="tests.test_client_response" name="test_json_override_encoding[pyloop]" time="0.050" /><testcase classname="tests.test_client_middleware_digest_auth" name="test_digest_response_exact_match[--SHA-512-SESS-auth,auth-int]" time="0.049" /><testcase classname="tests.test_client_functional" name="test_handle_keepalive_on_closed_connection[pyloop]" time="0.051" /><testcase classname="tests.test_client_request" name="test_host_port_nondefault_ws[pyloop]" time="0.047" /><testcase classname="tests.test_client_response" name="test_get_encoding_unknown[pyloop]" time="0.051" /><testcase classname="tests.test_client_middleware_digest_auth" name="test_digest_response_exact_match[--SHA-512-SESS-]" time="0.053" /><testcase classname="tests.test_client_request" name="test_content_encoding[isal.isal_zlib-pyloop]" time="0.088" /><testcase classname="tests.test_client_functional" name="test_error_in_performing_request[pyloop]" time="0.063" /><testcase classname="tests.test_client_request" name="test_host_port_nondefault_wss[pyloop]" time="0.047" /><testcase classname="tests.test_client_response" name="test_raise_for_status_2xx" time="0.004" /><testcase classname="tests.test_client_response" name="test_raise_for_status_4xx" time="0.002" /><testcase classname="tests.test_client_middleware_digest_auth" name="test_digest_response_exact_match[--SHA-SESS-auth]" time="0.045" /><testcase classname="tests.test_client_response" name="test_raise_for_status_4xx_without_reason" time="0.002" /><testcase classname="tests.test_client_response" name="test_resp_host" time="0.003" /><testcase classname="tests.test_client_response" name="test_content_type" time="0.003" /><testcase classname="tests.test_client_response" name="test_content_type_no_header" time="0.003" /><testcase classname="tests.test_client_request" name="test_content_encoding_dont_set_headers_if_no_body[pyloop]" time="0.058" /><testcase classname="tests.test_client_response" name="test_charset" time="0.002" /><testcase classname="tests.test_client_response" name="test_charset_no_header" time="0.002" /><testcase classname="tests.test_client_response" name="test_charset_no_charset" time="0.003" /><testcase classname="tests.test_client_request" name="test_host_port_none_port[pyloop]" time="0.049" /><testcase classname="tests.test_client_response" name="test_content_disposition_full" time="0.003" /><testcase classname="tests.test_client_response" name="test_content_disposition_no_parameters" time="0.003" /><testcase classname="tests.test_client_functional" name="test_await_after_cancelling[pyloop]" time="0.061" /><testcase classname="tests.test_client_response" name="test_content_disposition_empty_parts[attachment; filename=&quot;archive.tar.gz&quot;;]" time="0.003" /><testcase classname="tests.test_client_response" name="test_content_disposition_empty_parts[attachment;; filename=&quot;archive.tar.gz&quot;]" time="0.003" /><testcase classname="tests.test_client_response" name="test_content_disposition_no_header" time="0.003" /><testcase classname="tests.test_client_middleware_digest_auth" name="test_digest_response_exact_match[--SHA-SESS-auth-int]" time="0.052" /><testcase classname="tests.test_client_response" name="test_default_encoding_is_utf8" time="0.002" /><testcase classname="tests.test_client_response" name="test_response_request_info" time="0.002" /><testcase classname="tests.test_client_response" name="test_request_info_in_exception" time="0.002" /><testcase classname="tests.test_client_response" name="test_no_redirect_history_in_exception" time="0.002" /><testcase classname="tests.test_client_response" name="test_redirect_history_in_exception" time="0.003" /><testcase classname="tests.test_client_response" name="test_response_read_triggers_callback[pyloop]" time="0.051" /><testcase classname="tests.test_client_request" name="test_host_port_err[pyloop]" time="0.045" /><testcase classname="tests.test_circular_imports" name="test_no_warnings[aiohttp.web_ws]" time="0.224" /><testcase classname="tests.test_client_request" name="test_content_encoding_header[zlib-pyloop]" time="0.068" /><testcase classname="tests.test_benchmarks_client" name="test_one_hundred_get_requests_iter_chunks_on_512kib_chunked_payload[pyloop]" time="0.318" /><testcase classname="tests.test_client_functional" name="test_async_payload_generator[pyloop]" time="0.055" /><testcase classname="tests.test_client_middleware_digest_auth" name="test_digest_response_exact_match[--SHA-SESS-auth,auth-int]" time="0.045" /><testcase classname="tests.test_client_response" name="test_response_cookies[pyloop]" time="0.043" /><testcase classname="tests.test_client_request" name="test_hostname_err[pyloop]" time="0.044" /><testcase classname="tests.test_client_middleware_digest_auth" name="test_digest_response_exact_match[--SHA-SESS-]" time="0.046" /><testcase classname="tests.test_client_request" name="test_content_encoding_header[zlib_ng.zlib_ng-pyloop]" time="0.062" /><testcase classname="tests.test_client_functional" name="test_read_from_closed_response[pyloop]" time="0.050" /><testcase classname="tests.test_client_response" name="test_response_real_url[pyloop]" time="0.043" /><testcase classname="tests.test_client_request" name="test_host_header_host_first[pyloop]" time="0.043" /><testcase classname="tests.test_client_middleware_digest_auth" name="test_digest_response_exact_match[--SHA256-auth]" time="0.048" /><testcase classname="tests.test_client_functional" name="test_read_from_closed_response2[pyloop]" time="0.049" /><testcase classname="tests.test_client_response" name="test_response_links_comma_separated[pyloop]" time="0.049" /><testcase classname="tests.test_client_request" name="test_content_encoding_header[isal.isal_zlib-pyloop]" time="0.063" /><testcase classname="tests.test_client_request" name="test_host_header_host_without_port[pyloop]" time="0.045" /><testcase classname="tests.test_client_middleware_digest_auth" name="test_digest_response_exact_match[--SHA256-auth-int]" time="0.045" /><testcase classname="tests.test_client_functional" name="test_read_after_catch_raise_for_status[pyloop]" time="0.059" /><testcase classname="tests.test_client_response" name="test_response_links_multiple_headers[pyloop]" time="0.050" /><testcase classname="tests.test_client_request" name="test_host_header_host_with_default_port[pyloop]" time="0.046" /><testcase classname="tests.test_client_request" name="test_compress_and_content_encoding[pyloop]" time="0.061" /><testcase classname="tests.test_client_middleware_digest_auth" name="test_digest_response_exact_match[--SHA256-auth,auth-int]" time="0.044" /><testcase classname="tests.test_client_request" name="test_host_header_host_with_nondefault_port[pyloop]" time="0.043" /><testcase classname="tests.test_circular_imports" name="test_no_warnings[aiohttp.worker]" time="0.267" /><testcase classname="tests.test_client_response" name="test_response_links_no_rel[pyloop]" time="0.046" /><testcase classname="tests.test_client_functional" name="test_read_after_raise_outside_context[pyloop]" time="0.051" /><testcase classname="tests.test_client_middleware_digest_auth" name="test_digest_response_exact_match[--SHA256-]" time="0.045" /><testcase classname="tests.test_client_request" name="test_chunked[pyloop]" time="0.059" /><testcase classname="tests.test_client_request" name="test_host_header_host_idna_encode[pyloop]" time="0.044" /><testcase classname="tests.test_client_response" name="test_response_links_quoted[pyloop]" time="0.052" /><testcase classname="tests.test_client_functional" name="test_read_from_closed_content[pyloop]" time="0.055" /><testcase classname="tests.test_client_middleware_digest_auth" name="test_digest_response_exact_match[--SHA256-SESS-auth]" time="0.053" /><testcase classname="tests.test_client_request" name="test_chunked2[pyloop]" time="0.062" /><testcase classname="tests.test_client_request" name="test_host_header_host_unicode[pyloop]" time="0.058" /><testcase classname="tests.test_benchmarks_client" name="test_get_request_with_251308_compressed_chunked_payload[zlib-pyloop]" time="0.327" /><testcase classname="tests.test_client_response" name="test_response_links_relative[pyloop]" time="0.045" /><testcase classname="tests.test_client_functional" name="test_read_timeout[pyloop]" time="0.166" /><testcase classname="tests.test_client_middleware_digest_auth" name="test_digest_response_exact_match[--SHA256-SESS-auth-int]" time="0.045" /><testcase classname="tests.test_client_request" name="test_host_header_explicit_host[pyloop]" time="0.044" /><testcase classname="tests.test_client_response" name="test_response_links_empty[pyloop]" time="0.045" /><testcase classname="tests.test_client_request" name="test_chunked_explicit[pyloop]" time="0.058" /><testcase classname="tests.test_client_middleware_digest_auth" name="test_digest_response_exact_match[--SHA256-SESS-auth,auth-int]" time="0.043" /><testcase classname="tests.test_client_request" name="test_host_header_explicit_host_with_port[pyloop]" time="0.048" /><testcase classname="tests.test_client_response" name="test_response_not_closed_after_get_ok" time="0.004" /><testcase classname="tests.test_client_response" name="test_response_duplicate_cookie_names[pyloop]" time="0.049" /><testcase classname="tests.test_client_request" name="test_chunked_length[pyloop]" time="0.066" /><testcase classname="tests.test_client_middleware_digest_auth" name="test_digest_response_exact_match[--SHA256-SESS-]" time="0.057" /><testcase classname="tests.test_client_request" name="test_host_header_ipv4[pyloop]" time="0.058" /><testcase classname="tests.test_client_response" name="test_response_raw_cookie_headers_preserved[pyloop]" time="0.050" /><testcase classname="tests.test_classbasedview" name="test_ctor" time="0.003" /><testcase classname="tests.test_classbasedview" name="test_render_ok" time="0.060" /><testcase classname="tests.test_client_middleware_digest_auth" name="test_digest_response_exact_match[--SHA512-auth]" time="0.048" /><testcase classname="tests.test_client_request" name="test_chunked_transfer_encoding[pyloop]" time="0.061" /><testcase classname="tests.test_client_functional" name="test_socket_timeout[pyloop]" time="0.163" /><testcase classname="tests.test_client_response" name="test_response_cookies_setter_updates_raw_headers[pyloop]" time="0.046" /><testcase classname="tests.test_client_request" name="test_host_header_ipv6[pyloop]" time="0.046" /><testcase classname="tests.test_client_middleware_digest_auth" name="test_digest_response_exact_match[--SHA512-auth-int]" time="0.053" /><testcase classname="tests.test_client_request" name="test_file_upload_not_chunked[pyloop]" time="0.068" /><testcase classname="tests.test_classbasedview" name="test_render_unknown_method" time="0.047" /><testcase classname="tests.test_client_session" name="test_close_coro[pyloop]" time="0.063" /><testcase classname="tests.test_client_request" name="test_host_header_ipv4_with_port[pyloop]" time="0.060" /><testcase classname="tests.test_client_middleware_digest_auth" name="test_digest_response_exact_match[--SHA512-auth,auth-int]" time="0.051" /><testcase classname="tests.test_classbasedview" name="test_render_unsupported_method" time="0.055" /><testcase classname="tests.test_client_functional" name="test_timeout_none[pyloop]" time="0.063" /><testcase classname="tests.test_client_request" name="test_precompressed_data_stays_intact[zlib-pyloop]" time="0.052" /><testcase classname="tests.test_client_request" name="test_host_header_ipv6_with_port[pyloop]" time="0.067" /><testcase classname="tests.test_client_session" name="test_init_headers_simple_dict[pyloop]" time="0.058" /><testcase classname="tests.test_client_middleware_digest_auth" name="test_digest_response_exact_match[--SHA512-]" time="0.055" /><testcase classname="tests.test_benchmarks_client" name="test_get_request_with_251308_compressed_chunked_payload[zlib_ng.zlib_ng-pyloop]" time="0.296" /><testcase classname="tests.test_client_connection" name="test_ctor" time="0.005" /><testcase classname="tests.test_client_connection" name="test_callbacks_on_close" time="0.003" /><testcase classname="tests.test_client_connection" name="test_callbacks_on_release" time="0.002" /><testcase classname="tests.test_client_functional" name="test_read_timeout_closes_connection[pyloop]" time="0.265" /><testcase classname="tests.test_client_connection" name="test_callbacks_exception" time="0.003" /><testcase classname="tests.test_client_request" name="test_precompressed_data_stays_intact[zlib_ng.zlib_ng-pyloop]" time="0.054" /><testcase classname="tests.test_client_functional" name="test_connection_timeout_error[pyloop]" time="0.065" /><testcase classname="tests.test_client_connection" name="test_del" time="0.045" /><testcase classname="tests.test_client_session" name="test_init_headers_list_of_tuples[pyloop]" time="0.053" /><testcase classname="tests.test_client_request" name="test_default_loop[pyloop]" time="0.049" /><testcase classname="tests.test_client_middleware_digest_auth" name="test_digest_response_exact_match[--SHA512-SESS-auth]" time="0.061" /><testcase classname="tests.test_client_connection" name="test_close" time="0.002" /><testcase classname="tests.test_client_connection" name="test_release" time="0.002" /><testcase classname="tests.test_client_request" name="test_precompressed_data_stays_intact[isal.isal_zlib-pyloop]" time="0.050" /><testcase classname="tests.test_client_connection" name="test_release_proto_should_close" time="0.003" /><testcase classname="tests.test_client_connection" name="test_release_released" time="0.003" /><testcase classname="tests.test_client_exceptions.TestClientResponseError" name="test_default_status" time="0.002" /><testcase classname="tests.test_client_exceptions.TestClientResponseError" name="test_status" time="0.002" /><testcase classname="tests.test_client_exceptions.TestClientResponseError" name="test_pickle" time="0.002" /><testcase classname="tests.test_client_functional" name="test_readline_error_on_conn_close[pyloop]" time="1.110" /><testcase classname="tests.test_client_exceptions.TestClientResponseError" name="test_repr" time="0.002" /><testcase classname="tests.test_client_session" name="test_init_headers_MultiDict[pyloop]" time="0.049" /><testcase classname="tests.test_client_exceptions.TestClientResponseError" name="test_str" time="0.001" /><testcase classname="tests.test_client_request" name="test_host_header_fqdn[pyloop-dot only at the end]" time="0.047" /><testcase classname="tests.test_client_exceptions" name="test_response_status" time="0.002" /><testcase classname="tests.test_client_exceptions" name="test_response_deprecated_code_property" time="0.002" /><testcase classname="tests.test_client_exceptions" name="test_response_both_code_and_status" time="0.005" /><testcase classname="tests.test_client_exceptions.TestClientConnectorError" name="test_ctor" time="0.002" /><testcase classname="tests.test_client_exceptions.TestClientConnectorError" name="test_pickle" time="0.002" /><testcase classname="tests.test_client_middleware_digest_auth" name="test_digest_response_exact_match[--SHA512-SESS-auth-int]" time="0.045" /><testcase classname="tests.test_client_exceptions.TestClientConnectorError" name="test_repr" time="0.002" /><testcase classname="tests.test_client_exceptions.TestClientConnectorError" name="test_str" time="0.002" /><testcase classname="tests.test_client_exceptions.TestClientConnectorCertificateError" name="test_ctor" time="0.002" /><testcase classname="tests.test_client_request" name="test_body_with_size_sets_content_length[pyloop]" time="0.043" /><testcase classname="tests.test_client_exceptions.TestClientConnectorCertificateError" name="test_pickle" time="0.002" /><testcase classname="tests.test_client_exceptions.TestClientConnectorCertificateError" name="test_repr" time="0.002" /><testcase classname="tests.test_client_exceptions.TestClientConnectorCertificateError" name="test_str" time="0.002" /><testcase classname="tests.test_client_exceptions.TestServerDisconnectedError" name="test_ctor" time="0.002" /><testcase classname="tests.test_client_exceptions.TestServerDisconnectedError" name="test_pickle" time="0.002" /><testcase classname="tests.test_client_exceptions.TestServerDisconnectedError" name="test_repr" time="0.002" /><testcase classname="tests.test_client_exceptions.TestServerDisconnectedError" name="test_str" time="0.002" /><testcase classname="tests.test_client_exceptions.TestServerFingerprintMismatch" name="test_ctor" time="0.001" /><testcase classname="tests.test_client_session" name="test_init_headers_list_of_tuples_with_duplicates[pyloop]" time="0.047" /><testcase classname="tests.test_client_request" name="test_host_header_fqdn[pyloop-single dot]" time="0.043" /><testcase classname="tests.test_client_exceptions.TestServerFingerprintMismatch" name="test_pickle" time="0.003" /><testcase classname="tests.test_client_exceptions.TestServerFingerprintMismatch" name="test_repr" time="0.002" /><testcase classname="tests.test_client_exceptions.TestInvalidURL" name="test_ctor" time="0.002" /><testcase classname="tests.test_client_exceptions.TestInvalidURL" name="test_pickle" time="0.002" /><testcase classname="tests.test_client_exceptions.TestInvalidURL" name="test_repr_no_description" time="0.002" /><testcase classname="tests.test_client_middleware_digest_auth" name="test_digest_response_exact_match[--SHA512-SESS-auth,auth-int]" time="0.043" /><testcase classname="tests.test_client_exceptions.TestInvalidURL" name="test_repr_yarl_URL" time="0.002" /><testcase classname="tests.test_client_exceptions.TestInvalidURL" name="test_repr_with_description" time="0.002" /><testcase classname="tests.test_client_exceptions.TestInvalidURL" name="test_str_no_description" time="0.002" /><testcase classname="tests.test_client_request" name="test_body_payload_with_size_no_content_length[pyloop]" time="0.045" /><testcase classname="tests.test_client_exceptions.TestInvalidURL" name="test_none_description" time="0.002" /><testcase classname="tests.test_client_exceptions.TestInvalidURL" name="test_str_with_description" time="0.002" /><testcase classname="tests.test_client_fingerprint" name="test_fingerprint_sha256" time="0.002" /><testcase classname="tests.test_client_fingerprint" name="test_fingerprint_sha1" time="0.002" /><testcase classname="tests.test_client_fingerprint" name="test_fingerprint_md5" time="0.002" /><testcase classname="tests.test_client_fingerprint" name="test_fingerprint_check_no_ssl" time="0.003" /><testcase classname="tests.test_client_request" name="test_host_header_fqdn[pyloop-single dot with port]" time="0.047" /><testcase classname="tests.test_client_fingerprint" name="test__merge_ssl_params_verify_ssl" time="0.002" /><testcase classname="tests.test_client_session" name="test_init_cookies_with_simple_dict[pyloop]" time="0.047" /><testcase classname="tests.test_client_fingerprint" name="test__merge_ssl_params_verify_ssl_conflict" time="0.002" /><testcase classname="tests.test_client_fingerprint" name="test__merge_ssl_params_ssl_context" time="0.002" /><testcase classname="tests.test_client_fingerprint" name="test__merge_ssl_params_ssl_context_conflict" time="0.002" /><testcase classname="tests.test_client_fingerprint" name="test__merge_ssl_params_fingerprint" time="0.002" /><testcase classname="tests.test_client_fingerprint" name="test__merge_ssl_params_fingerprint_conflict" time="0.002" /><testcase classname="tests.test_client_middleware_digest_auth" name="test_digest_response_exact_match[--SHA512-SESS-]" time="0.046" /><testcase classname="tests.test_client_fingerprint" name="test__merge_ssl_params_ssl" time="0.002" /><testcase classname="tests.test_client_fingerprint" name="test__merge_ssl_params_invlid" time="0.002" /><testcase classname="tests.test_client_functional" name="test_keepalive_two_requests_success[pyloop]" time="0.058" /><testcase classname="tests.test_client_request" name="test_file_upload_not_chunked_seek[pyloop]" time="0.063" /><testcase classname="tests.test_client_request" name="test_host_header_fqdn[pyloop-multiple dots with port]" time="0.046" /><testcase classname="tests.test_client_session" name="test_init_cookies_with_list_of_tuples[pyloop]" time="0.059" /><testcase classname="tests.test_client_middleware_digest_auth" name="test_digest_response_exact_match[body1-this is a body-MD5-auth]" time="0.050" /><testcase classname="tests.test_client_functional" name="test_keepalive_after_head_requests_success[pyloop]" time="0.059" /><testcase classname="tests.test_client_request" name="test_file_upload_force_chunked[pyloop]" time="0.047" /><testcase classname="tests.test_client_functional" name="test_read_timeout_on_prepared_response[pyloop]" time="0.159" /><testcase classname="tests.test_client_request" name="test_host_header_fqdn[pyloop-explicit host header]" time="0.052" /><testcase classname="tests.test_benchmarks_client" name="test_get_request_with_251308_compressed_chunked_payload[isal.isal_zlib-pyloop]" time="0.276" /><testcase classname="tests.test_client_session" name="test_merge_headers[pyloop]" time="0.050" /><testcase classname="tests.test_client_middleware_digest_auth" name="test_digest_response_exact_match[body1-this is a body-MD5-auth-int]" time="0.048" /><testcase classname="tests.test_client_functional" name="test_keepalive_after_empty_body_status[pyloop-101]" time="0.051" /><testcase classname="tests.test_client_request" name="test_host_header_fqdn[pyloop-https]" time="0.045" /><testcase classname="tests.test_client_request" name="test_expect100[pyloop]" time="0.064" /><testcase classname="tests.test_client_middleware_digest_auth" name="test_digest_response_exact_match[body1-this is a body-MD5-auth,auth-int]" time="0.046" /><testcase classname="tests.test_client_session" name="test_merge_headers_with_multi_dict[pyloop]" time="0.047" /><testcase classname="tests.test_client_request" name="test_host_header_fqdn[pyloop-only dots]" time="0.042" /><testcase classname="tests.test_client_functional" name="test_keepalive_after_empty_body_status[pyloop-204]" time="0.065" /><testcase classname="tests.test_client_middleware_digest_auth" name="test_digest_response_exact_match[body1-this is a body-MD5-]" time="0.048" /><testcase classname="tests.test_client_session" name="test_merge_headers_with_list_of_tuples[pyloop]" time="0.059" /><testcase classname="tests.test_client_request" name="test_expect_100_continue_header[pyloop]" time="0.073" /><testcase classname="tests.test_client_request" name="test_host_header_fqdn[pyloop-single dot with port idna]" time="0.059" /><testcase classname="tests.test_client_functional" name="test_timeout_with_full_buffer[pyloop]" time="0.577" /><testcase classname="tests.test_client_middleware_digest_auth" name="test_digest_response_exact_match[body1-this is a body-MD5-SESS-auth]" time="0.059" /><testcase classname="tests.test_client_functional" name="test_keepalive_after_empty_body_status[pyloop-304]" time="0.064" /><testcase classname="tests.test_client_session" name="test_merge_headers_with_list_of_tuples_duplicated_names[pyloop]" time="0.061" /><testcase classname="tests.test_client_request" name="test_data_stream[pyloop]" time="0.067" /><testcase classname="tests.test_client_request" name="test_default_headers_useragent[pyloop]" time="0.048" /><testcase classname="tests.test_client_middleware_digest_auth" name="test_digest_response_exact_match[body1-this is a body-MD5-SESS-auth-int]" time="0.048" /><testcase classname="tests.test_client_functional" name="test_keepalive_after_empty_body_status_stream_response[pyloop-101]" time="0.057" /><testcase classname="tests.test_client_session" name="test_http_GET[pyloop]" time="0.050" /><testcase classname="tests.test_client_session" name="test_close[pyloop]" time="0.046" /><testcase classname="tests.test_client_request" name="test_data_stream_deprecated[pyloop]" time="0.063" /><testcase classname="tests.test_client_middleware_digest_auth" name="test_digest_response_exact_match[body1-this is a body-MD5-SESS-auth,auth-int]" time="0.048" /><testcase classname="tests.test_benchmarks_client" name="test_one_hundred_get_requests_with_1024_content_length_payload[pyloop]" time="0.120" /><testcase classname="tests.test_client_session" name="test_http_OPTIONS[pyloop]" time="0.048" /><testcase classname="tests.test_client_functional" name="test_keepalive_after_empty_body_status_stream_response[pyloop-204]" time="0.053" /><testcase classname="tests.test_client_session" name="test_closed[pyloop]" time="0.051" /><testcase classname="tests.test_client_middleware_digest_auth" name="test_digest_response_exact_match[body1-this is a body-MD5-SESS-]" time="0.049" /><testcase classname="tests.test_client_request" name="test_data_file[pyloop]" time="0.075" /><testcase classname="tests.test_client_session" name="test_http_HEAD[pyloop]" time="0.052" /><testcase classname="tests.test_client_functional" name="test_keepalive_after_empty_body_status_stream_response[pyloop-304]" time="0.055" /><testcase classname="tests.test_client_session" name="test_connector[pyloop]" time="0.050" /><testcase classname="tests.test_client_middleware_digest_auth" name="test_digest_response_exact_match[body1-this is a body-SHA-auth]" time="0.047" /><testcase classname="tests.test_client_session" name="test_http_POST[pyloop]" time="0.046" /><testcase classname="tests.test_client_functional" name="test_keepalive_response_released[pyloop]" time="0.052" /><testcase classname="tests.test_client_session" name="test_create_connector[pyloop]" time="0.049" /><testcase classname="tests.test_benchmarks_client" name="test_one_hundred_get_requests_with_30000_content_length_payload[pyloop]" time="0.105" /><testcase classname="tests.test_client_request" name="test_data_stream_exc[pyloop]" time="0.072" /><testcase classname="tests.test_client_middleware_digest_auth" name="test_digest_response_exact_match[body1-this is a body-SHA-auth-int]" time="0.045" /><testcase classname="tests.test_client_session" name="test_http_PUT[pyloop]" time="0.047" /><testcase classname="tests.test_client_session" name="test_ssl_shutdown_timeout_passed_to_connector" time="0.049" /><testcase classname="tests.test_client_functional" name="test_upgrade_connection_not_released_after_read[pyloop]" time="0.050" /><testcase classname="tests.test_client_middleware_digest_auth" name="test_digest_response_exact_match[body1-this is a body-SHA-auth,auth-int]" time="0.046" /><testcase classname="tests.test_client_request" name="test_data_stream_exc_chain[pyloop]" time="0.078" /><testcase classname="tests.test_client_session" name="test_http_PATCH[pyloop]" time="0.052" /><testcase classname="tests.test_client_session" name="test_ssl_shutdown_timeout_passed_to_connector_pre_311" time="0.000"><skipped type="pytest.skip" message="This test is for Python &lt; 3.11 runtime warning behavior">/Users/rabeyakhatunmuna/Documents/mini-swe-agent-ci-based/results/miniswe-agent/bidirectional/l1_l2_l3_minimax-m2.5/L1_L2_L3/3a7e3367046eb22823eed815391d0845ff3c6835/testbed/tests/test_client_session.py:377: This test is for Python &lt; 3.11 runtime warning behavior</skipped></testcase><testcase classname="tests.test_client_session" name="test_connector_loop[pyloop]" time="0.049" /><testcase classname="tests.test_benchmarks_client" name="test_one_hundred_get_requests_with_512kib_content_length_payload[pyloop]" time="0.164" /><testcase classname="tests.test_client_functional" name="test_keepalive_server_force_close_connection[pyloop]" time="0.050" /><testcase classname="tests.test_client_middleware_digest_auth" name="test_digest_response_exact_match[body1-this is a body-SHA-]" time="0.047" /><testcase classname="tests.test_client_session" name="test_http_DELETE[pyloop]" time="0.049" /><testcase classname="tests.test_client_session" name="test_auto_created_connector_uses_session_loop[pyloop]" time="0.047" /><testcase classname="tests.test_client_functional" name="test_keepalive_timeout_async_sleep[pyloop]" time="0.065" /><testcase classname="tests.test_client_request" name="test_data_stream_continue[pyloop]" time="0.062" /><testcase classname="tests.test_client_middleware_digest_auth" name="test_digest_response_exact_match[body1-this is a body-SHA-256-auth]" time="0.047" /><testcase classname="tests.test_client_ws" name="test_ws_connect_deflate[pyloop]" time="0.086" /><testcase classname="tests.test_client_session" name="test_detach[pyloop]" time="0.048" /><testcase classname="tests.test_client_middleware_digest_auth" name="test_digest_response_exact_match[body1-this is a body-SHA-256-auth-int]" time="0.048" /><testcase classname="tests.test_client_request" name="test_data_continue[pyloop]" time="0.061" /><testcase classname="tests.test_client_functional" name="test_keepalive_timeout_sync_sleep[pyloop]" time="0.104" /><testcase classname="tests.test_client_session" name="test_request_closed_session[pyloop]" time="0.047" /><testcase classname="tests.test_client_middleware_digest_auth" name="test_digest_response_exact_match[body1-this is a body-SHA-256-auth,auth-int]" time="0.048" /><testcase classname="tests.test_benchmarks_client" name="test_one_hundred_simple_post_requests[pyloop]" time="0.170" /><testcase classname="tests.test_client_ws" name="test_ws_connect_deflate_per_message[pyloop]" time="0.051" /><testcase classname="tests.test_client_request" name="test_close[pyloop]" time="0.068" /><testcase classname="tests.test_client_session" name="test_close_flag_for_closed_connector[pyloop]" time="0.051" /><testcase classname="tests.test_client_middleware_digest_auth" name="test_digest_response_exact_match[body1-this is a body-SHA-256-]" time="0.051" /><testcase classname="tests.test_client_ws" name="test_ws_connect_deflate_server_not_support[pyloop]" time="0.063" /><testcase classname="tests.test_client_functional" name="test_release_early[pyloop]" time="0.054" /><testcase classname="tests.test_client_functional" name="test_read_bufsize_session_default[pyloop]" time="0.055" /><testcase classname="tests.test_client_session" name="test_double_close[pyloop]" time="0.047" /><testcase classname="tests.test_client_middleware_digest_auth" name="test_digest_response_exact_match[body1-this is a body-SHA-256-SESS-auth]" time="0.047" /><testcase classname="tests.test_client_request" name="test_bad_version[pyloop]" time="0.066" /><testcase classname="tests.test_client_functional" name="test_HTTP_304[pyloop]" time="0.059" /><testcase classname="tests.test_client_functional" name="test_read_bufsize_explicit[pyloop]" time="0.057" /><testcase classname="tests.test_client_ws" name="test_ws_connect_deflate_notakeover[pyloop]" time="0.063" /><testcase classname="tests.test_client_session" name="test_del[pyloop]" time="0.108" /><testcase classname="tests.test_client_middleware_digest_auth" name="test_digest_response_exact_match[body1-this is a body-SHA-256-SESS-auth-int]" time="0.071" /><testcase classname="tests.test_client_request" name="test_custom_response_class[pyloop]" time="0.066" /><testcase classname="tests.test_benchmarks_client" name="test_one_hundred_json_post_requests[pyloop]" time="0.192" /><testcase classname="tests.test_client_functional" name="test_stream_request_on_server_eof[pyloop]" time="0.068" /><testcase classname="tests.test_client_functional" name="test_http_empty_data_text[pyloop]" time="0.061" /><testcase classname="tests.test_client_ws" name="test_ws_connect_deflate_client_wbits[pyloop]" time="0.061" /><testcase classname="tests.test_client_middleware_digest_auth" name="test_digest_response_exact_match[body1-this is a body-SHA-256-SESS-auth,auth-int]" time="0.044" /><testcase classname="tests.test_client_request" name="test_oserror_on_write_bytes[pyloop]" time="0.076" /><testcase classname="tests.test_client_functional" name="test_max_field_size_session_default[pyloop]" time="0.053" /><testcase classname="tests.test_client_session" name="test_del_debug[pyloop]" time="0.104" /><testcase classname="tests.test_client_functional" name="test_no_error_on_conn_close_if_eof[pyloop]" time="0.559" /><testcase classname="tests.test_client_functional"
[...]
 name="test_ping_frame[pyloop-bytes]" time="0.059" /><testcase classname="tests.test_websocket_handshake" name="test_handshake_ok" time="0.051" /><testcase classname="tests.test_websocket_handshake" name="test_no_upgrade" time="0.054" /><testcase classname="tests.test_websocket_parser" name="test_parse_frame_mask[pyloop]" time="0.080" /><testcase classname="tests.test_websocket_parser" name="test_parse_frame_length2_multi_byte_multi_packet[pyloop]" time="0.058" /><testcase classname="tests.test_websocket_parser" name="test_close_frame[pyloop]" time="0.061" /><testcase classname="tests.test_websocket_parser" name="test_ping_frame[pyloop-bytearray]" time="0.065" /><testcase classname="tests.test_websocket_handshake" name="test_handshake_protocol" time="0.067" /><testcase classname="tests.test_websocket_parser" name="test_close_frame_unicode_err[pyloop]" time="0.061" /><testcase classname="tests.test_websocket_parser" name="test_simple_binary[pyloop]" time="0.054" /><testcase classname="tests.test_websocket_parser" name="test_close_frame_info[pyloop]" time="0.064" /><testcase classname="tests.test_websocket_parser" name="test_parse_frame_header_reversed_bits[pyloop]" time="0.052" /><testcase classname="tests.test_websocket_parser" name="test_ping_frame[pyloop-memoryview]" time="0.066" /><testcase classname="tests.test_websocket_handshake" name="test_handshake_protocol_agreement" time="0.060" /><testcase classname="tests.test_websocket_parser" name="test_unknown_frame[pyloop]" time="0.060" /><testcase classname="tests.test_web_websocket_functional" name="test_normal_closure_while_client_sends_msg[pyloop]" time="0.167" /><testcase classname="tests.test_websocket_parser" name="test_one_byte_at_a_time[pyloop]" time="0.060" /><testcase classname="tests.test_websocket_parser" name="test_parse_frame_header_control_frame[pyloop]" time="0.053" /><testcase classname="tests.test_websocket_parser" name="test_close_frame_invalid[pyloop]" time="0.050" /><testcase classname="tests.test_websocket_handshake" name="test_handshake_protocol_unsupported" time="0.065" /><testcase classname="tests.test_websocket_parser" name="test_large_masked_message[pyloop]" time="0.056" /><testcase classname="tests.test_websocket_parser" name="test_simple_text[pyloop]" time="0.055" /><testcase classname="tests.test_websocket_parser" name="test_fragmentation_header[pyloop]" time="0.058" /><testcase classname="tests.test_websocket_parser" name="test_parse_frame_header_new_data_err[pyloop]" time="0.062"><skipped type="pytest.xfail" message="" /></testcase><testcase classname="tests.test_websocket_parser" name="test_close_frame_invalid_2[pyloop]" time="0.062" /><testcase classname="tests.test_websocket_parser" name="test_fragmented_masked_message[pyloop]" time="0.069" /><testcase classname="tests.test_websocket_parser" name="test_simple_text_unicode_err[pyloop]" time="0.059" /><testcase classname="tests.test_websocket_parser" name="test_continuation_with_close_bad_code[pyloop]" time="0.054" /><testcase classname="tests.test_websocket_parser" name="test_large_message[pyloop]" time="0.054" /><testcase classname="tests.test_websocket_parser" name="test_parse_compress_frame_single[pyloop]" time="0.058" /><testcase classname="tests.test_websocket_parser" name="test_websocket_mask_cython" time="0.001"><skipped type="pytest.skip" message="Requires Cython">/Users/rabeyakhatunmuna/Documents/mini-swe-agent-ci-based/results/miniswe-agent/bidirectional/l1_l2_l3_minimax-m2.5/L1_L2_L3/3a7e3367046eb22823eed815391d0845ff3c6835/testbed/tests/test_websocket_parser.py:536: Requires Cython</skipped></testcase><testcase classname="tests.test_websocket_parser" name="test_websocket_mask_python_empty" time="0.002" /><testcase classname="tests.test_websocket_parser" name="test_websocket_mask_cython_empty" time="0.000"><skipped type="pytest.skip" message="Requires Cython">/Users/rabeyakhatunmuna/Documents/mini-swe-agent-ci-based/results/miniswe-agent/bidirectional/l1_l2_l3_minimax-m2.5/L1_L2_L3/3a7e3367046eb22823eed815391d0845ff3c6835/testbed/tests/test_websocket_parser.py:554: Requires Cython</skipped></testcase><testcase classname="tests.test_websocket_parser" name="test_continuation_with_ping[pyloop]" time="0.058" /><testcase classname="tests.test_websocket_parser" name="test_msgtype_aliases" time="0.005" /><testcase classname="tests.test_websocket_parser.TestWebSocketError" name="test_ctor" time="0.003" /><testcase classname="tests.test_websocket_parser" name="test_continuation_with_close_bad_payload[pyloop]" time="0.062" /><testcase classname="tests.test_websocket_parser" name="test_parse_no_compress_frame_single[zlib-pyloop]" time="0.064" /><testcase classname="tests.test_websocket_parser.TestWebSocketError" name="test_pickle" time="0.002" /><testcase classname="tests.test_websocket_parser" name="test_msg_too_large[pyloop]" time="0.075" /><testcase classname="tests.test_websocket_parser" name="test_large_fragmented_masked_message[pyloop]" time="0.067" /><testcase classname="tests.test_websocket_parser" name="test_flow_control_binary[pyloop]" time="0.066" /><testcase classname="tests.test_websocket_parser" name="test_parse_compress_frame_multi[pyloop]" time="0.063" /><testcase classname="tests.test_websocket_parser" name="test_continuation_err[pyloop]" time="0.063" /><testcase classname="tests.test_websocket_parser" name="test_continuation_with_close_empty[pyloop]" time="0.068" /><testcase classname="tests.test_websocket_parser" name="test_parse_no_compress_frame_single[zlib_ng.zlib_ng-pyloop]" time="0.064" /><testcase classname="tests.test_websocket_parser" name="test_flow_control_multi_byte_text[pyloop]" time="0.060" /><testcase classname="tests.test_websocket_parser" name="test_continuation[pyloop]" time="0.058" /><testcase classname="tests.test_websocket_parser" name="test_msg_too_large_not_fin[pyloop]" time="0.066" /><testcase classname="tests.test_websocket_parser" name="test_parse_compress_error_frame[pyloop]" time="0.060" /><testcase classname="tests.test_websocket_parser" name="test_continuation_with_close[pyloop]" time="0.067" /><testcase classname="tests.test_websocket_writer" name="test_send_text" time="0.073" /><testcase classname="tests.test_websocket_parser" name="test_websocket_mask_python" time="0.002" /><testcase classname="tests.test_websocket_writer" name="test_close" time="0.054" /><testcase classname="tests.test_websocket_parser" name="test_parse_no_compress_frame_single[isal.isal_zlib-pyloop]" time="0.064" /><testcase classname="tests.test_websocket_writer" name="test_pong" time="0.060" /><testcase classname="tests.test_websocket_writer" name="test_send_binary_long" time="0.055" /><testcase classname="tests.test_websocket_parser" name="test_compressed_msg_too_large[pyloop]" time="0.055" /><testcase classname="tests.test_websocket_parser" name="test_continuation_with_close_unicode_err[pyloop]" time="0.055" /><testcase classname="tests.test_websocket_writer" name="test_send_text_masked" time="0.062" /><testcase classname="tests.test_websocket_writer" name="test_send_compress_text[zlib]" time="0.052" /><testcase classname="tests.test_websocket_writer" name="test_ping" time="0.051" /><testcase classname="tests.test_websocket_writer" name="test_send_binary_very_long" time="0.060" /><testcase classname="tests.test_websocket_writer" name="test_send_compress_text[isal.isal_zlib]" time="0.054" /><testcase classname="tests.test_websocket_writer" name="test_send_binary" time="0.070" /><testcase classname="tests.test_websocket_writer" name="test_send_compress_text_notakeover[zlib_ng.zlib_ng]" time="0.051" /><testcase classname="tests.test_websocket_writer" name="test_send_compress_cancelled[zlib_ng.zlib_ng]" time="0.155" /><testcase classname="tests.test_websocket_writer" name="test_send_compress_text[zlib_ng.zlib_ng]" time="0.050" /><testcase classname="tests.test_websocket_writer" name="test_send_compress_text_per_message" time="0.049" /><testcase classname="tests.test_websocket_writer" name="test_send_compress_text_notakeover[zlib]" time="0.050" /><testcase classname="tests.test_websocket_writer" name="test_send_compress_multiple_cancelled[zlib]" time="0.320" /><testcase classname="tests.test_websocket_writer" name="test_send_compress_multiple_cancelled[zlib_ng.zlib_ng]" time="0.327" /><testcase classname="tests.test_websocket_writer" name="test_send_compress_text_notakeover[isal.isal_zlib]" time="0.045" /><testcase classname="tests.test_websocket_writer" name="test_send_compress_multiple_cancelled[isal.isal_zlib]" time="0.326" /><testcase classname="tests.test_websocket_writer" name="test_send_compress_cancelled[zlib]" time="0.157" /><testcase classname="tests.test_websocket_writer" name="test_concurrent_messages[zlib-16-&lt;lambda&gt;]" time="0.057" /><testcase classname="tests.test_websocket_writer" name="test_concurrent_messages[zlib_ng.zlib_ng-16-&lt;lambda&gt;]" time="0.057" /><testcase classname="tests.test_websocket_writer" name="test_concurrent_messages[isal.isal_zlib-16-&lt;lambda&gt;]" time="0.061" /><testcase classname="tests.test_websocket_writer" name="test_concurrent_messages[isal.isal_zlib-4096-&lt;lambda&gt;]" time="0.051" /><testcase classname="tests.test_websocket_writer" name="test_send_compress_cancelled[isal.isal_zlib]" time="0.159" /><testcase classname="tests.test_websocket_writer" name="test_concurrent_messages[isal.isal_zlib-32-&lt;lambda&gt;]" time="0.059" /><testcase classname="tests.test_worker" name="test_init_process[AsyncioWorker-pyloop]" time="0.046" /><testcase classname="tests.test_websocket_writer" name="test_concurrent_messages[zlib_ng.zlib_ng-32-&lt;lambda&gt;]" time="0.056" /><testcase classname="tests.test_worker" name="test_run[AsyncioWorker-pyloop]" time="0.049" /><testcase classname="tests.test_worker" name="test_run[UvloopWorker-pyloop]" time="0.047" /><testcase classname="tests.test_worker" name="test_run_async_factory[AsyncioWorker-pyloop]" time="0.051" /><testcase classname="tests.test_worker" name="test_run_async_factory[UvloopWorker-pyloop]" time="0.054" /><testcase classname="tests.test_worker" name="test_run_not_app[AsyncioWorker-pyloop]" time="0.052" /><testcase classname="tests.test_worker" name="test_init_process[UvloopWorker-pyloop]" time="0.055" /><testcase classname="tests.test_worker" name="test_run_not_app[UvloopWorker-pyloop]" time="0.050" /><testcase classname="tests.test_websocket_writer" name="test_concurrent_messages[zlib-4096-&lt;lambda&gt;]" time="0.067" /><testcase classname="tests.test_worker" name="test_handle_abort[AsyncioWorker-pyloop]" time="0.052" /><testcase classname="tests.test_worker" name="test_handle_abort[UvloopWorker-pyloop]" time="0.049" /><testcase classname="tests.test_websocket_writer" name="test_concurrent_messages[zlib-32-&lt;lambda&gt;]" time="0.100" /><testcase classname="tests.test_worker" name="test__wait_next_notify[AsyncioWorker-pyloop]" time="0.147" /><testcase classname="tests.test_worker" name="test__wait_next_notify[UvloopWorker-pyloop]" time="0.157" /><testcase classname="tests.test_websocket_writer" name="test_concurrent_messages[zlib_ng.zlib_ng-4096-&lt;lambda&gt;]" time="0.052" /><testcase classname="tests.test_worker" name="test__notify_waiter_done[UvloopWorker-pyloop]" time="0.049" /><testcase classname="tests.test_worker" name="test__notify_waiter_done_explicit_waiter[AsyncioWorker-pyloop]" time="0.047" /><testcase classname="tests.test_worker" name="test__notify_waiter_done[AsyncioWorker-pyloop]" time="0.062" /><testcase classname="tests.test_worker" name="test__get_valid_log_format_ok[AsyncioWorker-pyloop-%a &quot;%{Referrer}i&quot; %s-%a &quot;%{Referrer}i&quot; %s]" time="0.054" /><testcase classname="tests.test_worker" name="test__get_valid_log_format_ok[AsyncioWorker-pyloop-%(h)s %(l)s %(u)s %(t)s &quot;%(r)s&quot; %(s)s %(b)s &quot;%(f)s&quot; &quot;%(a)s&quot;-%a %t &quot;%r&quot; %s %b &quot;%{Referer}i&quot; &quot;%{User-Agent}i&quot;]" time="0.059" /><testcase classname="tests.test_worker" name="test__get_valid_log_format_ok[UvloopWorker-pyloop-%a &quot;%{Referrer}i&quot; %s-%a &quot;%{Referrer}i&quot; %s]" time="0.053" /><testcase classname="tests.test_worker" name="test__notify_waiter_done_explicit_waiter[UvloopWorker-pyloop]" time="0.058" /><testcase classname="tests.test_worker" name="test__get_valid_log_format_ok[UvloopWorker-pyloop-%(h)s %(l)s %(u)s %(t)s &quot;%(r)s&quot; %(s)s %(b)s &quot;%(f)s&quot; &quot;%(a)s&quot;-%a %t &quot;%r&quot; %s %b &quot;%{Referer}i&quot; &quot;%{User-Agent}i&quot;]" time="0.058" /><testcase classname="tests.test_worker" name="test__get_valid_log_format_exc[AsyncioWorker-pyloop]" time="0.055" /><testcase classname="tests.test_worker" name="test__get_valid_log_format_exc[UvloopWorker-pyloop]" time="0.057" /><testcase classname="tests.test_worker" name="test__run_ok_parent_changed[AsyncioWorker-pyloop]" time="0.063" /><testcase classname="tests.test_worker" name="test__run_ok_parent_changed[UvloopWorker-pyloop]" time="0.060" /><testcase classname="tests.test_worker" name="test_init_signals[AsyncioWorker-pyloop]" time="0.054" /><testcase classname="tests.test_worker" name="test__run_exc[AsyncioWorker-pyloop]" time="0.144" /><testcase classname="tests.test_worker" name="test_init_signals[UvloopWorker-pyloop]" time="0.053" /><testcase classname="tests.test_worker" name="test__run_exc[UvloopWorker-pyloop]" time="0.158" /><testcase classname="tests.test_worker" name="test__create_ssl_context_without_certs_and_ciphers[AsyncioWorker-pyloop]" time="0.057" /><testcase classname="tests.test_worker" name="test__create_ssl_context_without_certs_and_ciphers[UvloopWorker-pyloop]" time="0.053" /><testcase classname="tests.test_worker" name="test__create_ssl_context_with_ciphers[UvloopWorker-pyloop]" time="0.052" /><testcase classname="tests.test_worker" name="test__create_ssl_context_with_ciphers[AsyncioWorker-pyloop]" time="0.061" /><testcase classname="tests.test_worker" name="test__create_ssl_context_with_ca_certs[AsyncioWorker-pyloop]" time="0.053" /><testcase classname="tests.test_worker" name="test__create_ssl_context_with_ca_certs[UvloopWorker-pyloop]" time="0.076" /><testcase classname="tests.test_run_app.TestShutdown" name="test_shutdown_pending_handler_responds" time="4.022" /><testcase classname="tests.test_run_app.TestShutdown" name="test_shutdown_close_idle_keepalive" time="1.013" /><testcase classname="tests.test_run_app.TestShutdown" name="test_shutdown_close_websockets" time="1.052" /><testcase classname="tests.test_run_app.TestShutdown" name="test_shutdown_handler_cancellation_suppressed" time="2.412" /><testcase classname="tests.test_streams.TestStreamReader" name="test_create_waiter" time="0.080" /><testcase classname="tests.test_streams.TestStreamReader" name="test_ctor_global_loop" time="0.037" /><testcase classname="tests.test_streams.TestStreamReader" name="test_at_eof" time="0.038" /><testcase classname="tests.test_streams.TestStreamReader" name="test_wait_eof" time="0.141" /><testcase classname="tests.test_streams.TestStreamReader" name="test_wait_eof_eof" time="0.036" /><testcase classname="tests.test_streams.TestStreamReader" name="test_feed_empty_data" time="0.037" /><testcase classname="tests.test_streams.TestStreamReader" name="test_feed_nonempty_data" time="0.036" /><testcase classname="tests.test_streams.TestStreamReader" name="test_read_zero" time="0.034" /><testcase classname="tests.test_streams.TestStreamReader" name="test_read" time="0.034" /><testcase classname="tests.test_streams.TestStreamReader" name="test_read_line_breaks" time="0.037" /><testcase classname="tests.test_streams.TestStreamReader" name="test_read_all" time="0.036" /><testcase classname="tests.test_streams.TestStreamReader" name="test_read_up_to" time="0.036" /><testcase classname="tests.test_streams.TestStreamReader" name="test_read_eof" time="0.037" /><testcase classname="tests.test_streams.TestStreamReader" name="test_read_eof_infinite" time="0.037" /><testcase classname="tests.test_streams.TestStreamReader" name="test_read_eof_unread_data_no_warning" time="0.035" /><testcase classname="tests.test_streams.TestStreamReader" name="test_read_until_eof" time="0.034" /><testcase classname="tests.test_streams.TestStreamReader" name="test_read_exception" time="0.034" /><testcase classname="tests.test_streams.TestStreamReader" name="test_readline" time="0.039" /><testcase classname="tests.test_streams.TestStreamReader" name="test_readline_limit_with_existing_data" time="0.039" /><testcase classname="tests.test_streams.TestStreamReader" name="test_readline_limit" time="0.038" /><testcase classname="tests.test_web_functional" name="test_requests_count[pyloop]" time="0.040" /><testcase classname="tests.test_web_functional" name="test_redirect_url[pyloop]" time="0.039" /><testcase classname="tests.test_web_functional" name="test_simple_subapp[pyloop]" time="0.039" /><testcase classname="tests.test_web_functional" name="test_subapp_reverse_url[pyloop]" time="0.040" /><testcase classname="tests.test_web_functional" name="test_subapp_reverse_variable_url[pyloop]" time="0.040" /><testcase classname="tests.test_web_functional" name="test_subapp_reverse_static_url[pyloop]" time="0.055" /><testcase classname="tests.test_web_functional" name="test_subapp_app[pyloop]" time="0.041" /><testcase classname="tests.test_web_functional" name="test_subapp_not_found[pyloop]" time="0.040" /><testcase classname="tests.test_web_functional" name="test_subapp_not_found2[pyloop]" time="0.041" /><testcase classname="tests.test_web_functional" name="test_subapp_not_allowed[pyloop]" time="0.038" /><testcase classname="tests.test_web_functional" name="test_subapp_cannot_add_app_in_handler[pyloop]" time="0.052" /><testcase classname="tests.test_web_functional" name="test_subapp_middlewares[pyloop]" time="0.042" /><testcase classname="tests.test_web_functional" name="test_subapp_on_response_prepare[pyloop]" time="0.041" /><testcase classname="tests.test_web_functional" name="test_subapp_on_startup[pyloop]" time="0.038" /><testcase classname="tests.test_web_functional" name="test_subapp_on_shutdown[pyloop]" time="0.038" /><testcase classname="tests.test_web_functional" name="test_subapp_on_cleanup[pyloop]" time="0.035" /><testcase classname="tests.test_web_functional" name="test_subapp_middleware_context[pyloop-/sub/-expected0-AC]" time="0.039" /><testcase classname="tests.test_web_functional" name="test_subapp_middleware_context[pyloop-/-expected1-AC]" time="0.041" /><testcase classname="tests.test_web_functional" name="test_subapp_middleware_context[pyloop-/sub/-expected2-A]" time="0.043" /><testcase classname="tests.test_web_functional" name="test_subapp_middleware_context[pyloop-/-expected3-A]" time="0.039" /><testcase classname="tests.test_web_functional" name="test_subapp_middleware_context[pyloop-/sub/-expected4-C]" time="0.037" /><testcase classname="tests.test_web_functional" name="test_subapp_middleware_context[pyloop-/-expected5-C]" time="0.039" /><testcase classname="tests.test_web_functional" name="test_subapp_middleware_context[pyloop-/sub/-expected6-]" time="0.038" /><testcase classname="tests.test_web_functional" name="test_subapp_middleware_context[pyloop-/-expected7-]" time="0.039" /><testcase classname="tests.test_web_functional" name="test_custom_date_header[pyloop]" time="0.041" /><testcase classname="tests.test_web_functional" name="test_response_prepared_with_clone[pyloop]" time="0.041" /><testcase classname="tests.test_web_functional" name="test_app_max_client_size[pyloop]" time="0.049" /><testcase classname="tests.test_web_functional" name="test_app_max_client_size_adjusted[pyloop]" time="0.057" /><testcase classname="tests.test_web_functional" name="test_app_max_client_size_none[pyloop]" time="0.058" /><testcase classname="tests.test_web_functional" name="test_post_max_client_size[pyloop]" time="0.042" /><testcase classname="tests.test_web_functional" name="test_post_max_client_size_for_file[pyloop]" time="0.040" /></testsuite></testsuites>